{"/Users/berkeli/Git/Coursework/NODE/chat-app/node-challenge-chat-server/src/createServer.ts": {"path":"/Users/berkeli/Git/Coursework/NODE/chat-app/node-challenge-chat-server/src/createServer.ts","statementMap":{"0":{"start":{"line":7,"column":35},"end":{"line":7,"column":44}},"1":{"start":{"line":8,"column":2},"end":{"line":8,"column":26}},"2":{"start":{"line":9,"column":2},"end":{"line":9,"column":50}},"3":{"start":{"line":10,"column":2},"end":{"line":10,"column":36}},"4":{"start":{"line":11,"column":2},"end":{"line":11,"column":18}},"5":{"start":{"line":12,"column":2},"end":{"line":12,"column":33}},"6":{"start":{"line":13,"column":2},"end":{"line":13,"column":29}},"7":{"start":{"line":14,"column":2},"end":{"line":14,"column":13}}},"fnMap":{"0":{"name":"(anonymous_0)","decl":{"start":{"line":6,"column":15},"end":{"line":6,"column":16}},"loc":{"start":{"line":6,"column":51},"end":{"line":15,"column":1}},"line":6}},"branchMap":{},"s":{"0":1,"1":1,"2":1,"3":1,"4":1,"5":1,"6":1,"7":1},"f":{"0":1},"b":{},"_coverageSchema":"1a1c01bbd47fc00a2c39e90264f33305004495a9","hash":"98fe959648dd21a3cd23614ecf005e3d9f0c6bbe"}
,"/Users/berkeli/Git/Coursework/NODE/chat-app/node-challenge-chat-server/src/routes/index.ts": {"path":"/Users/berkeli/Git/Coursework/NODE/chat-app/node-challenge-chat-server/src/routes/index.ts","statementMap":{"0":{"start":{"line":7,"column":22},"end":{"line":7,"column":30}},"1":{"start":{"line":9,"column":0},"end":{"line":14,"column":37}}},"fnMap":{},"branchMap":{},"s":{"0":1,"1":1},"f":{},"b":{},"_coverageSchema":"1a1c01bbd47fc00a2c39e90264f33305004495a9","hash":"6e6d382fad0078f3f38270e8c613a23266c5c3bd"}
,"/Users/berkeli/Git/Coursework/NODE/chat-app/node-challenge-chat-server/src/routes/controllers/invalidRoute.ts": {"path":"/Users/berkeli/Git/Coursework/NODE/chat-app/node-challenge-chat-server/src/routes/controllers/invalidRoute.ts","statementMap":{"0":{"start":{"line":5,"column":2},"end":{"line":5,"column":68}},"1":{"start":{"line":6,"column":2},"end":{"line":6,"column":46}}},"fnMap":{"0":{"name":"invalidRoute","decl":{"start":{"line":4,"column":24},"end":{"line":4,"column":36}},"loc":{"start":{"line":4,"column":72},"end":{"line":7,"column":1}},"line":4}},"branchMap":{},"s":{"0":0,"1":0},"f":{"0":0},"b":{},"_coverageSchema":"1a1c01bbd47fc00a2c39e90264f33305004495a9","hash":"e961376dd9e7f7853c8415888cf627516910ab00"}
,"/Users/berkeli/Git/Coursework/NODE/chat-app/node-challenge-chat-server/src/routes/controllers/messages.ts": {"path":"/Users/berkeli/Git/Coursework/NODE/chat-app/node-challenge-chat-server/src/routes/controllers/messages.ts","statementMap":{"0":{"start":{"line":5,"column":17},"end":{"line":5,"column":37}},"1":{"start":{"line":8,"column":19},"end":{"line":8,"column":36}},"2":{"start":{"line":9,"column":2},"end":{"line":11,"column":3}},"3":{"start":{"line":10,"column":4},"end":{"line":10,"column":46}},"4":{"start":{"line":12,"column":2},"end":{"line":12,"column":21}},"5":{"start":{"line":16,"column":39},"end":{"line":16,"column":78}},"6":{"start":{"line":17,"column":2},"end":{"line":21,"column":3}},"7":{"start":{"line":18,"column":4},"end":{"line":18,"column":22}},"8":{"start":{"line":20,"column":4},"end":{"line":20,"column":46}},"9":{"start":{"line":25,"column":25},"end":{"line":25,"column":33}},"10":{"start":{"line":26,"column":2},"end":{"line":28,"column":3}},"11":{"start":{"line":27,"column":4},"end":{"line":27,"column":52}},"12":{"start":{"line":29,"column":21},"end":{"line":33,"column":4}},"13":{"start":{"line":35,"column":2},"end":{"line":35,"column":23}},"14":{"start":{"line":39,"column":17},"end":{"line":39,"column":27}},"15":{"start":{"line":40,"column":25},"end":{"line":40,"column":33}},"16":{"start":{"line":41,"column":2},"end":{"line":43,"column":3}},"17":{"start":{"line":42,"column":4},"end":{"line":42,"column":57}},"18":{"start":{"line":44,"column":2},"end":{"line":46,"column":3}},"19":{"start":{"line":45,"column":4},"end":{"line":45,"column":46}},"20":{"start":{"line":47,"column":2},"end":{"line":50,"column":5}},"21":{"start":{"line":51,"column":2},"end":{"line":51,"column":41}},"22":{"start":{"line":55,"column":13},"end":{"line":55,"column":34}},"23":{"start":{"line":56,"column":2},"end":{"line":58,"column":3}},"24":{"start":{"line":57,"column":4},"end":{"line":57,"column":46}},"25":{"start":{"line":59,"column":2},"end":{"line":59,"column":22}},"26":{"start":{"line":60,"column":2},"end":{"line":60,"column":44}}},"fnMap":{"0":{"name":"getMessages","decl":{"start":{"line":7,"column":16},"end":{"line":7,"column":27}},"loc":{"start":{"line":7,"column":64},"end":{"line":13,"column":1}},"line":7},"1":{"name":"getMessageById","decl":{"start":{"line":15,"column":16},"end":{"line":15,"column":30}},"loc":{"start":{"line":15,"column":66},"end":{"line":22,"column":1}},"line":15},"2":{"name":"addMessage","decl":{"start":{"line":24,"column":16},"end":{"line":24,"column":26}},"loc":{"start":{"line":24,"column":62},"end":{"line":36,"column":1}},"line":24},"3":{"name":"editMessage","decl":{"start":{"line":38,"column":16},"end":{"line":38,"column":27}},"loc":{"start":{"line":38,"column":63},"end":{"line":52,"column":1}},"line":38},"4":{"name":"deleteMessageById","decl":{"start":{"line":54,"column":16},"end":{"line":54,"column":33}},"loc":{"start":{"line":54,"column":69},"end":{"line":61,"column":1}},"line":54}},"branchMap":{"0":{"loc":{"start":{"line":9,"column":2},"end":{"line":11,"column":3}},"type":"if","locations":[{"start":{"line":9,"column":2},"end":{"line":11,"column":3}},{"start":{},"end":{}}],"line":9},"1":{"loc":{"start":{"line":17,"column":2},"end":{"line":21,"column":3}},"type":"if","locations":[{"start":{"line":17,"column":2},"end":{"line":21,"column":3}},{"start":{"line":19,"column":9},"end":{"line":21,"column":3}}],"line":17},"2":{"loc":{"start":{"line":26,"column":2},"end":{"line":28,"column":3}},"type":"if","locations":[{"start":{"line":26,"column":2},"end":{"line":28,"column":3}},{"start":{},"end":{}}],"line":26},"3":{"loc":{"start":{"line":26,"column":6},"end":{"line":26,"column":20}},"type":"binary-expr","locations":[{"start":{"line":26,"column":6},"end":{"line":26,"column":11}},{"start":{"line":26,"column":15},"end":{"line":26,"column":20}}],"line":26},"4":{"loc":{"start":{"line":41,"column":2},"end":{"line":43,"column":3}},"type":"if","locations":[{"start":{"line":41,"column":2},"end":{"line":43,"column":3}},{"start":{},"end":{}}],"line":41},"5":{"loc":{"start":{"line":41,"column":6},"end":{"line":41,"column":20}},"type":"binary-expr","locations":[{"start":{"line":41,"column":6},"end":{"line":41,"column":11}},{"start":{"line":41,"column":15},"end":{"line":41,"column":20}}],"line":41},"6":{"loc":{"start":{"line":44,"column":2},"end":{"line":46,"column":3}},"type":"if","locations":[{"start":{"line":44,"column":2},"end":{"line":46,"column":3}},{"start":{},"end":{}}],"line":44},"7":{"loc":{"start":{"line":56,"column":2},"end":{"line":58,"column":3}},"type":"if","locations":[{"start":{"line":56,"column":2},"end":{"line":58,"column":3}},{"start":{},"end":{}}],"line":56}},"s":{"0":1,"1":3,"2":3,"3":0,"4":3,"5":1,"6":1,"7":1,"8":0,"9":4,"10":4,"11":0,"12":4,"13":4,"14":1,"15":1,"16":1,"17":0,"18":1,"19":0,"20":1,"21":1,"22":1,"23":1,"24":0,"25":1,"26":1},"f":{"0":3,"1":1,"2":4,"3":1,"4":1},"b":{"0":[0,3],"1":[1,0],"2":[0,4],"3":[4,4],"4":[0,1],"5":[1,1],"6":[0,1],"7":[0,1]},"_coverageSchema":"1a1c01bbd47fc00a2c39e90264f33305004495a9","hash":"116bbfabc4e1e98d98e9e3056af611ec95eb9914"}
,"/Users/berkeli/Git/Coursework/NODE/chat-app/node-challenge-chat-server/src/routes/controllers/welcome.ts": {"path":"/Users/berkeli/Git/Coursework/NODE/chat-app/node-challenge-chat-server/src/routes/controllers/welcome.ts","statementMap":{"0":{"start":{"line":4,"column":2},"end":{"line":4,"column":90}}},"fnMap":{"0":{"name":"welcome","decl":{"start":{"line":3,"column":24},"end":{"line":3,"column":31}},"loc":{"start":{"line":3,"column":65},"end":{"line":5,"column":1}},"line":3}},"branchMap":{},"s":{"0":1},"f":{"0":1},"b":{},"_coverageSchema":"1a1c01bbd47fc00a2c39e90264f33305004495a9","hash":"1c6a50044631fdf2d2ebe3ac5775b306907056c6"}
,"/Users/berkeli/Git/Coursework/NODE/chat-app/node-challenge-chat-server/src/utils/MessageService.ts": {"path":"/Users/berkeli/Git/Coursework/NODE/chat-app/node-challenge-chat-server/src/utils/MessageService.ts","statementMap":{"0":{"start":{"line":7,"column":4},"end":{"line":7,"column":19}},"1":{"start":{"line":11,"column":4},"end":{"line":14,"column":8}},"2":{"start":{"line":11,"column":42},"end":{"line":14,"column":5}},"3":{"start":{"line":18,"column":20},"end":{"line":18,"column":33}},"4":{"start":{"line":19,"column":4},"end":{"line":21,"column":5}},"5":{"start":{"line":20,"column":6},"end":{"line":20,"column":23}},"6":{"start":{"line":22,"column":4},"end":{"line":25,"column":6}},"7":{"start":{"line":29,"column":4},"end":{"line":29,"column":28}},"8":{"start":{"line":30,"column":4},"end":{"line":32,"column":5}},"9":{"start":{"line":31,"column":6},"end":{"line":31,"column":40}},"10":{"start":{"line":33,"column":4},"end":{"line":36,"column":6}},"11":{"start":{"line":40,"column":4},"end":{"line":40,"column":74}},"12":{"start":{"line":40,"column":64},"end":{"line":40,"column":72}},"13":{"start":{"line":44,"column":4},"end":{"line":47,"column":6}},"14":{"start":{"line":48,"column":4},"end":{"line":48,"column":25}}},"fnMap":{"0":{"name":"(anonymous_0)","decl":{"start":{"line":6,"column":2},"end":{"line":6,"column":3}},"loc":{"start":{"line":6,"column":16},"end":{"line":8,"column":3}},"line":6},"1":{"name":"(anonymous_1)","decl":{"start":{"line":10,"column":2},"end":{"line":10,"column":3}},"loc":{"start":{"line":10,"column":23},"end":{"line":15,"column":3}},"line":10},"2":{"name":"(anonymous_2)","decl":{"start":{"line":11,"column":25},"end":{"line":11,"column":26}},"loc":{"start":{"line":11,"column":42},"end":{"line":14,"column":5}},"line":11},"3":{"name":"(anonymous_3)","decl":{"start":{"line":17,"column":2},"end":{"line":17,"column":3}},"loc":{"start":{"line":17,"column":44},"end":{"line":26,"column":3}},"line":17},"4":{"name":"(anonymous_4)","decl":{"start":{"line":28,"column":2},"end":{"line":28,"column":3}},"loc":{"start":{"line":28,"column":35},"end":{"line":37,"column":3}},"line":28},"5":{"name":"(anonymous_5)","decl":{"start":{"line":39,"column":2},"end":{"line":39,"column":3}},"loc":{"start":{"line":39,"column":27},"end":{"line":41,"column":3}},"line":39},"6":{"name":"(anonymous_6)","decl":{"start":{"line":40,"column":33},"end":{"line":40,"column":34}},"loc":{"start":{"line":40,"column":64},"end":{"line":40,"column":72}},"line":40},"7":{"name":"(anonymous_7)","decl":{"start":{"line":43,"column":2},"end":{"line":43,"column":3}},"loc":{"start":{"line":43,"column":66},"end":{"line":49,"column":3}},"line":43}},"branchMap":{"0":{"loc":{"start":{"line":19,"column":4},"end":{"line":21,"column":5}},"type":"if","locations":[{"start":{"line":19,"column":4},"end":{"line":21,"column":5}},{"start":{},"end":{}}],"line":19},"1":{"loc":{"start":{"line":30,"column":4},"end":{"line":32,"column":5}},"type":"if","locations":[{"start":{"line":30,"column":4},"end":{"line":32,"column":5}},{"start":{},"end":{}}],"line":30}},"s":{"0":2,"1":6,"2":12,"3":7,"4":7,"5":1,"6":6,"7":8,"8":8,"9":0,"10":8,"11":2,"12":5,"13":2,"14":2},"f":{"0":2,"1":6,"2":12,"3":7,"4":8,"5":2,"6":5,"7":2},"b":{"0":[1,6],"1":[0,8]},"_coverageSchema":"1a1c01bbd47fc00a2c39e90264f33305004495a9","hash":"feafcca7fa7b6fad5734a5c6b8c9741d09f1de1b"}
,"/Users/berkeli/Git/Coursework/NODE/chat-app/node-challenge-chat-server/src/utils/logger.ts": {"path":"/Users/berkeli/Git/Coursework/NODE/chat-app/node-challenge-chat-server/src/utils/logger.ts","statementMap":{},"fnMap":{},"branchMap":{},"s":{},"f":{},"b":{},"_coverageSchema":"1a1c01bbd47fc00a2c39e90264f33305004495a9","hash":"bad3af9b32fdd24b230ab29b74f98aa7219096cb"}
}
