TN:
SF:src/createServer.ts
FN:6,(anonymous_0)
FNF:1
FNH:1
FNDA:1,(anonymous_0)
DA:7,1
DA:8,1
DA:9,1
DA:10,1
DA:11,1
DA:12,1
DA:13,1
DA:14,1
LF:8
LH:8
BRF:0
BRH:0
end_of_record
TN:
SF:src/routes/index.ts
FNF:0
FNH:0
DA:7,1
DA:9,1
LF:2
LH:2
BRF:0
BRH:0
end_of_record
TN:
SF:src/routes/controllers/invalidRoute.ts
FN:4,invalidRoute
FNF:1
FNH:0
FNDA:0,invalidRoute
DA:5,0
DA:6,0
LF:2
LH:0
BRF:0
BRH:0
end_of_record
TN:
SF:src/routes/controllers/messages.ts
FN:7,getMessages
FN:15,getMessageById
FN:24,addMessage
FN:38,editMessage
FN:54,deleteMessageById
FNF:5
FNH:5
FNDA:3,getMessages
FNDA:1,getMessageById
FNDA:4,addMessage
FNDA:1,editMessage
FNDA:1,deleteMessageById
DA:5,1
DA:8,3
DA:9,3
DA:10,0
DA:12,3
DA:16,1
DA:17,1
DA:18,1
DA:20,0
DA:25,4
DA:26,4
DA:27,0
DA:29,4
DA:35,4
DA:39,1
DA:40,1
DA:41,1
DA:42,0
DA:44,1
DA:45,0
DA:47,1
DA:51,1
DA:55,1
DA:56,1
DA:57,0
DA:59,1
DA:60,1
LF:27
LH:21
BRDA:9,0,0,0
BRDA:9,0,1,3
BRDA:17,1,0,1
BRDA:17,1,1,0
BRDA:26,2,0,0
BRDA:26,2,1,4
BRDA:26,3,0,4
BRDA:26,3,1,4
BRDA:41,4,0,0
BRDA:41,4,1,1
BRDA:41,5,0,1
BRDA:41,5,1,1
BRDA:44,6,0,0
BRDA:44,6,1,1
BRDA:56,7,0,0
BRDA:56,7,1,1
BRF:16
BRH:10
end_of_record
TN:
SF:src/routes/controllers/welcome.ts
FN:3,welcome
FNF:1
FNH:1
FNDA:1,welcome
DA:4,1
LF:1
LH:1
BRF:0
BRH:0
end_of_record
TN:
SF:src/utils/MessageService.ts
FN:6,(anonymous_0)
FN:10,(anonymous_1)
FN:11,(anonymous_2)
FN:17,(anonymous_3)
FN:28,(anonymous_4)
FN:39,(anonymous_5)
FN:40,(anonymous_6)
FN:43,(anonymous_7)
FNF:8
FNH:8
FNDA:2,(anonymous_0)
FNDA:6,(anonymous_1)
FNDA:12,(anonymous_2)
FNDA:7,(anonymous_3)
FNDA:8,(anonymous_4)
FNDA:2,(anonymous_5)
FNDA:5,(anonymous_6)
FNDA:2,(anonymous_7)
DA:7,2
DA:11,12
DA:18,7
DA:19,7
DA:20,1
DA:22,6
DA:29,8
DA:30,8
DA:31,0
DA:33,8
DA:40,5
DA:44,2
DA:48,2
LF:13
LH:12
BRDA:19,0,0,1
BRDA:19,0,1,6
BRDA:30,1,0,0
BRDA:30,1,1,8
BRF:4
BRH:3
end_of_record
TN:
SF:src/utils/logger.ts
FNF:0
FNH:0
LF:0
LH:0
BRF:0
BRH:0
end_of_record
